0 verbose cli C:\Program Files\nodejs\node.exe C:\Users\sicze\AppData\Roaming\npm\node_modules\npm\bin\npm-cli.js
1 info using npm@10.2.3
2 info using node@v21.1.0
3 timing npm:load:whichnode Completed in 2ms
4 timing config:load:defaults Completed in 1ms
5 timing config:load:file:C:\Users\sicze\AppData\Roaming\npm\node_modules\npm\npmrc Completed in 3ms
6 timing config:load:builtin Completed in 3ms
7 timing config:load:cli Completed in 1ms
8 timing config:load:env Completed in 1ms
9 timing config:load:file:C:\Users\sicze\OneDrive\Desktop\myCode\JSPractice021424\.npmrc Completed in 0ms
10 timing config:load:project Completed in 2ms
11 timing config:load:file:C:\Users\sicze\.npmrc Completed in 0ms
12 timing config:load:user Completed in 0ms
13 timing config:load:file:C:\Users\sicze\AppData\Roaming\npm\etc\npmrc Completed in 0ms
14 timing config:load:global Completed in 0ms
15 timing config:load:setEnvs Completed in 1ms
16 timing config:load Completed in 9ms
17 timing npm:load:configload Completed in 9ms
18 timing config:load:flatten Completed in 2ms
19 timing npm:load:mkdirpcache Completed in 0ms
20 timing npm:load:mkdirplogs Completed in 0ms
21 verbose title npm install lib-font
22 verbose argv "install" "lib-font"
23 timing npm:load:setTitle Completed in 1ms
24 timing npm:load:display Completed in 0ms
25 verbose logfile logs-max:10 dir:C:\Users\sicze\OneDrive\Desktop\myCode\JSPractice021424\UserssiczeAppDataLocalnpm-cache\_logs\2024-02-14T16_37_29_528Z-
26 verbose logfile C:\Users\sicze\OneDrive\Desktop\myCode\JSPractice021424\UserssiczeAppDataLocalnpm-cache\_logs\2024-02-14T16_37_29_528Z-debug-0.log
27 timing npm:load:logFile Completed in 8ms
28 timing npm:load:timers Completed in 0ms
29 timing npm:load:configScope Completed in 0ms
30 timing npm:load Completed in 56ms
31 timing config:load:flatten Completed in 1ms
32 timing arborist:ctor Completed in 0ms
33 silly logfile done cleaning log files
34 timing arborist:ctor Completed in 0ms
35 timing idealTree:init Completed in 6ms
36 timing idealTree:userRequests Completed in 1ms
37 silly idealTree buildDeps
38 silly fetch manifest lib-font@*
39 http fetch GET 200 https://registry.npmjs.org/npm 577ms (cache miss)
40 http fetch GET 200 https://registry.npmjs.org/lib-font 807ms (cache miss)
41 silly placeDep ROOT lib-font@2.4.2 OK for:  want: *
42 timing idealTree:#root Completed in 813ms
43 timing idealTree:node_modules/lib-font Completed in 0ms
44 timing idealTree:buildDeps Completed in 814ms
45 timing idealTree:fixDepFlags Completed in 0ms
46 timing idealTree Completed in 822ms
47 timing reify:loadTrees Completed in 822ms
48 timing reify:diffTrees Completed in 1ms
49 silly reify moves {}
50 timing reify:retireShallow Completed in 2ms
51 timing reify:createSparse Completed in 1ms
52 timing reify:loadBundles Completed in 0ms
53 silly tarball no local data for lib-font@https://registry.npmjs.org/lib-font/-/lib-font-2.4.2.tgz. Extracting by manifest.
54 http fetch GET 200 https://registry.npmjs.org/lib-font/-/lib-font-2.4.2.tgz 682ms (cache miss)
55 timing reifyNode:node_modules/lib-font Completed in 687ms
56 timing reify:unpack Completed in 688ms
57 timing reify:unretire Completed in 0ms
58 timing build:queue Completed in 0ms
59 timing build:deps Completed in 0ms
60 timing build Completed in 1ms
61 timing reify:build Completed in 1ms
62 timing reify:trash Completed in 0ms
63 timing reify:save Completed in 4ms
64 timing reify Completed in 1577ms
65 silly ADD node_modules/lib-font
66 timing command:install Completed in 1582ms
67 notice
67 notice New [33mminor[39m version of npm available! [31m10.2.3[39m -> [32m10.4.0[39m
67 notice Changelog: [36mhttps://github.com/npm/cli/releases/tag/v10.4.0[39m
67 notice Run [32mnpm install -g npm@10.4.0[39m to update!
67 notice
68 verbose exit 0
69 timing npm Completed in 2040ms
70 info ok
