0 verbose cli C:\Program Files\nodejs\node.exe C:\Users\sicze\AppData\Roaming\npm\node_modules\npm\bin\npm-cli.js
1 info using npm@10.2.3
2 info using node@v21.1.0
3 timing npm:load:whichnode Completed in 1ms
4 timing config:load:defaults Completed in 2ms
5 timing config:load:file:C:\Users\sicze\AppData\Roaming\npm\node_modules\npm\npmrc Completed in 3ms
6 timing config:load:builtin Completed in 3ms
7 timing config:load:cli Completed in 1ms
8 timing config:load:env Completed in 1ms
9 timing config:load:project Completed in 0ms
10 timing config:load:file:C:\Users\sicze\.npmrc Completed in 1ms
11 timing config:load:user Completed in 1ms
12 timing config:load:file:C:\Users\sicze\AppData\Roaming\npm\etc\npmrc Completed in 0ms
13 timing config:load:global Completed in 0ms
14 timing config:load:setEnvs Completed in 1ms
15 timing config:load Completed in 9ms
16 timing npm:load:configload Completed in 9ms
17 timing config:load:flatten Completed in 2ms
18 timing npm:load:mkdirpcache Completed in 1ms
19 timing npm:load:mkdirplogs Completed in 0ms
20 verbose title npm install npm@10.4.0
21 verbose argv "install" "--global" "npm@10.4.0"
22 timing npm:load:setTitle Completed in 1ms
23 timing npm:load:display Completed in 0ms
24 verbose logfile logs-max:10 dir:C:\Users\sicze\OneDrive\Desktop\myCode\JSPractice021424\UserssiczeAppDataLocalnpm-cache\_logs\2024-02-14T16_37_44_789Z-
25 verbose logfile C:\Users\sicze\OneDrive\Desktop\myCode\JSPractice021424\UserssiczeAppDataLocalnpm-cache\_logs\2024-02-14T16_37_44_789Z-debug-0.log
26 timing npm:load:logFile Completed in 9ms
27 timing npm:load:timers Completed in 0ms
28 timing npm:load:configScope Completed in 0ms
29 timing npm:load Completed in 66ms
30 timing config:load:flatten Completed in 0ms
31 silly logfile done cleaning log files
32 http fetch GET 200 https://registry.npmjs.org/npm 20ms (cache hit)
33 timing arborist:ctor Completed in 1ms
34 timing idealTree:init Completed in 4ms
35 timing idealTree:userRequests Completed in 1ms
36 silly idealTree buildDeps
37 silly fetch manifest npm@10.4.0
38 http fetch GET 200 https://registry.npmjs.org/npm 10ms (cache hit)
39 silly placeDep ROOT npm@10.4.0 OK for:  want: 10.4.0
40 timing idealTree:#root Completed in 25ms
41 timing idealTree:node_modules/npm Completed in 0ms
42 timing idealTree:buildDeps Completed in 26ms
43 timing idealTree:fixDepFlags Completed in 1ms
44 timing idealTree Completed in 32ms
45 timing reify:loadTrees Completed in 110ms
46 timing reify:diffTrees Completed in 2ms
47 silly reify mark retired [
47 silly reify   'C:\\Users\\sicze\\AppData\\Roaming\\npm\\node_modules\\npm',
47 silly reify   'C:\\Users\\sicze\\AppData\\Roaming\\npm\\npm',
47 silly reify   'C:\\Users\\sicze\\AppData\\Roaming\\npm\\npm.cmd',
47 silly reify   'C:\\Users\\sicze\\AppData\\Roaming\\npm\\npm.ps1',
47 silly reify   'C:\\Users\\sicze\\AppData\\Roaming\\npm\\npx',
47 silly reify   'C:\\Users\\sicze\\AppData\\Roaming\\npm\\npx.cmd',
47 silly reify   'C:\\Users\\sicze\\AppData\\Roaming\\npm\\npx.ps1'
47 silly reify ]
48 silly reify moves {
48 silly reify   'C:\\Users\\sicze\\AppData\\Roaming\\npm\\node_modules\\npm': 'C:\\Users\\sicze\\AppData\\Roaming\\npm\\node_modules\\.npm-T0vW4SPE',
48 silly reify   'C:\\Users\\sicze\\AppData\\Roaming\\npm\\npm': 'C:\\Users\\sicze\\AppData\\Roaming\\npm\\.npm-3ySoqvxo',
48 silly reify   'C:\\Users\\sicze\\AppData\\Roaming\\npm\\npm.cmd': 'C:\\Users\\sicze\\AppData\\Roaming\\npm\\.npm.cmd-iJ9SemE4',
48 silly reify   'C:\\Users\\sicze\\AppData\\Roaming\\npm\\npm.ps1': 'C:\\Users\\sicze\\AppData\\Roaming\\npm\\.npm.ps1-0sdGujTh',
48 silly reify   'C:\\Users\\sicze\\AppData\\Roaming\\npm\\npx': 'C:\\Users\\sicze\\AppData\\Roaming\\npm\\.npx-OkQZnFA6',
48 silly reify   'C:\\Users\\sicze\\AppData\\Roaming\\npm\\npx.cmd': 'C:\\Users\\sicze\\AppData\\Roaming\\npm\\.npx.cmd-WvsmlrdK',
48 silly reify   'C:\\Users\\sicze\\AppData\\Roaming\\npm\\npx.ps1': 'C:\\Users\\sicze\\AppData\\Roaming\\npm\\.npx.ps1-7TzkLLxS'
48 silly reify }
49 timing reify:retireShallow Completed in 14ms
50 timing reify:createSparse Completed in 0ms
51 silly tarball no local data for npm@https://registry.npmjs.org/npm/-/npm-10.4.0.tgz. Extracting by manifest.
52 http fetch GET 200 https://registry.npmjs.org/npm/-/npm-10.4.0.tgz 3048ms (cache miss)
53 timing reifyNode:node_modules/npm Completed in 3055ms
54 timing arborist:ctor Completed in 1ms
55 timing reify:diffTrees Completed in 4ms
56 timing reify:loadBundles Completed in 3172ms
57 timing reify:unpack Completed in 0ms
58 timing reify:unretire Completed in 1ms
59 timing build:queue Completed in 6ms
60 timing build:link:node_modules/npm/node_modules/@npmcli/arborist Completed in 21ms
61 timing build:link:node_modules/npm/node_modules/color-support Completed in 21ms
62 timing build:link:node_modules/npm/node_modules/cssesc Completed in 21ms
63 timing build:link:node_modules/npm/node_modules/@npmcli/installed-package-contents Completed in 21ms
64 timing build:link:node_modules/npm/node_modules/nopt Completed in 20ms
65 timing build:link:node_modules/npm/node_modules/qrcode-terminal Completed in 20ms
66 timing build:link:node_modules/npm/node_modules/which Completed in 20ms
67 timing build:link:node_modules/npm/node_modules/cross-spawn/node_modules/which Completed in 20ms
68 timing build:link:node_modules/npm/node_modules/pacote Completed in 20ms
69 timing build:link:node_modules/npm Completed in 22ms
70 timing build:link:node_modules/npm/node_modules/node-gyp Completed in 21ms
71 timing build:link:node_modules/npm/node_modules/glob Completed in 21ms
72 timing build:link:node_modules/npm/node_modules/semver Completed in 21ms
73 timing build:link:node_modules/npm/node_modules/mkdirp Completed in 21ms
74 timing build:link Completed in 23ms
75 timing build:deps Completed in 29ms
76 timing build Completed in 30ms
77 timing reify:build Completed in 30ms
78 timing reify:trash Completed in 270ms
79 timing reify Completed in 3602ms
80 silly CHANGE node_modules/npm
81 silly REMOVE node_modules/npm/node_modules/wrap-ansi/node_modules/ansi-styles
82 silly CHANGE node_modules/npm/node_modules/@sigstore/tuf
83 silly CHANGE node_modules/npm/node_modules/@sigstore/sign
84 silly CHANGE node_modules/npm/node_modules/@sigstore/bundle
85 silly CHANGE node_modules/npm/node_modules/@npmcli/run-script
86 silly CHANGE node_modules/npm/node_modules/@npmcli/promise-spawn
87 silly REMOVE node_modules/npm/node_modules/string_decoder
88 silly CHANGE node_modules/npm/node_modules/@npmcli/installed-package-contents
89 silly CHANGE node_modules/npm/node_modules/@npmcli/git
90 silly CHANGE node_modules/npm/node_modules/@npmcli/arborist
91 silly CHANGE node_modules/npm/node_modules/@npmcli/config
92 silly REMOVE node_modules/npm/node_modules/@npmcli/agent/node_modules/socks-proxy-agent
93 silly REMOVE node_modules/npm/node_modules/@npmcli/agent/node_modules/https-proxy-agent
94 silly REMOVE node_modules/npm/node_modules/@npmcli/agent/node_modules/http-proxy-agent
95 silly REMOVE node_modules/npm/node_modules/@npmcli/agent/node_modules/agent-base
96 silly REMOVE node_modules/npm/node_modules/safe-buffer
97 silly CHANGE node_modules/npm/node_modules/which
98 silly CHANGE node_modules/npm/node_modules/qrcode-terminal
99 silly CHANGE node_modules/npm/node_modules/tuf-js
100 silly CHANGE node_modules/npm/node_modules/sigstore
101 silly CHANGE node_modules/npm/node_modules/signal-exit
102 silly CHANGE node_modules/npm/node_modules/semver
103 silly CHANGE node_modules/npm/node_modules/libnpmorg
104 silly REMOVE node_modules/npm/node_modules/readable-stream
105 silly CHANGE node_modules/npm/node_modules/promise-call-limit
106 silly CHANGE node_modules/npm/node_modules/libnpmsearch
107 silly REMOVE node_modules/npm/node_modules/process
108 silly CHANGE node_modules/npm/node_modules/postcss-selector-parser
109 silly CHANGE node_modules/npm/node_modules/libnpmversion
110 silly CHANGE node_modules/npm/node_modules/libnpmpublish
111 silly CHANGE node_modules/npm/node_modules/libnpmteam
112 silly CHANGE node_modules/npm/node_modules/pacote
113 silly CHANGE node_modules/npm/node_modules/libnpmpack
114 silly CHANGE node_modules/npm/node_modules/npm-packlist
115 silly CHANGE node_modules/npm/node_modules/nopt
116 silly CHANGE node_modules/npm/node_modules/node-gyp
117 silly CHANGE node_modules/npm/node_modules/mkdirp
118 silly CHANGE node_modules/npm/node_modules/libnpmaccess
119 silly CHANGE node_modules/npm/node_modules/libnpmdiff
120 silly CHANGE node_modules/npm/node_modules/minipass-collect
121 silly REMOVE node_modules/npm/node_modules/minipass-collect/node_modules/minipass
122 silly CHANGE node_modules/npm/node_modules/libnpmhook
123 silly CHANGE node_modules/npm/node_modules/lru-cache
124 silly CHANGE node_modules/npm/node_modules/libnpmexec
125 silly CHANGE node_modules/npm/node_modules/is-cidr
126 silly CHANGE node_modules/npm/node_modules/libnpmfund
127 silly CHANGE node_modules/npm/node_modules/is-core-module
128 silly REMOVE node_modules/npm/node_modules/ieee754
129 silly CHANGE node_modules/npm/node_modules/ip-regex
130 silly CHANGE node_modules/npm/node_modules/json-parse-even-better-errors
131 silly REMOVE node_modules/npm/node_modules/event-target-shim
132 silly REMOVE node_modules/npm/node_modules/events
133 silly CHANGE node_modules/npm/node_modules/cross-spawn/node_modules/which
134 silly CHANGE node_modules/npm/node_modules/ignore-walk
135 silly REMOVE node_modules/npm/node_modules/has
136 silly CHANGE node_modules/npm/node_modules/glob
137 silly CHANGE node_modules/npm/node_modules/function-bind
138 silly REMOVE node_modules/npm/node_modules/delegates
139 silly REMOVE node_modules/npm/node_modules/abort-controller
140 silly CHANGE node_modules/npm/node_modules/cssesc
141 silly CHANGE node_modules/npm/node_modules/cidr-regex
142 silly REMOVE node_modules/npm/node_modules/buffer
143 silly CHANGE node_modules/npm/node_modules/color-support
144 silly REMOVE node_modules/npm/node_modules/base64-js
145 silly CHANGE node_modules/npm/node_modules/ansi-styles
146 silly CHANGE node_modules/npm/node_modules/ci-info
147 silly CHANGE node_modules/npm/node_modules/cacache
148 silly CHANGE node_modules/npm/node_modules/are-we-there-yet
149 timing command:install Completed in 3648ms
150 verbose exit 0
151 timing npm Completed in 4053ms
152 info ok
